mode: set
github.com/reillywatson/gorules/gorules.go:25.31,27.2 1 0
github.com/reillywatson/gorules/gorules.go:36.63,37.6 1 1
github.com/reillywatson/gorules/gorules.go:37.6,40.17 3 1
github.com/reillywatson/gorules/gorules.go:40.17,42.4 1 1
github.com/reillywatson/gorules/gorules.go:43.3,43.25 1 1
github.com/reillywatson/gorules/gorules.go:43.25,44.9 1 1
github.com/reillywatson/gorules/gorules.go:47.2,47.19 1 1
github.com/reillywatson/gorules/gorules.go:50.74,52.34 2 1
github.com/reillywatson/gorules/gorules.go:52.34,54.17 2 1
github.com/reillywatson/gorules/gorules.go:54.17,56.4 1 1
github.com/reillywatson/gorules/gorules.go:57.3,57.15 1 1
github.com/reillywatson/gorules/gorules.go:57.15,58.12 1 1
github.com/reillywatson/gorules/gorules.go:60.3,60.33 1 1
github.com/reillywatson/gorules/gorules.go:60.33,62.4 1 1
github.com/reillywatson/gorules/gorules.go:63.3,63.45 1 1
github.com/reillywatson/gorules/gorules.go:63.45,65.18 2 1
github.com/reillywatson/gorules/gorules.go:65.18,67.5 1 1
github.com/reillywatson/gorules/gorules.go:68.4,68.15 1 1
github.com/reillywatson/gorules/gorules.go:68.15,70.5 1 1
github.com/reillywatson/gorules/gorules.go:74.2,74.21 1 1
github.com/reillywatson/gorules/gorules.go:77.37,78.26 1 1
github.com/reillywatson/gorules/gorules.go:78.26,79.29 1 1
github.com/reillywatson/gorules/gorules.go:79.29,81.4 1 1
github.com/reillywatson/gorules/gorules.go:83.2,83.13 1 1
github.com/reillywatson/gorules/gorules.go:86.68,87.15 1 1
github.com/reillywatson/gorules/gorules.go:87.15,88.31 1 1
github.com/reillywatson/gorules/gorules.go:88.31,91.4 2 1
github.com/reillywatson/gorules/gorules.go:93.2,94.16 2 1
github.com/reillywatson/gorules/gorules.go:94.16,96.3 1 0
github.com/reillywatson/gorules/gorules.go:97.2,97.62 1 1
github.com/reillywatson/gorules/gorules.go:97.62,99.3 1 1
github.com/reillywatson/gorules/gorules.go:100.2,100.37 1 1
github.com/reillywatson/gorules/gorules.go:100.37,102.3 1 1
github.com/reillywatson/gorules/gorules.go:103.2,103.19 1 1
